mode: set
github.com/boodah-consulting/cukes-vhs/internal/cli/cli.go:13.62,14.20 1 1
github.com/boodah-consulting/cukes-vhs/internal/cli/cli.go:14.20,17.3 2 1
github.com/boodah-consulting/cukes-vhs/internal/cli/cli.go:19.2,22.20 3 1
github.com/boodah-consulting/cukes-vhs/internal/cli/cli.go:23.14,24.39 1 0
github.com/boodah-consulting/cukes-vhs/internal/cli/cli.go:25.14,26.36 1 1
github.com/boodah-consulting/cukes-vhs/internal/cli/cli.go:27.18,28.40 1 1
github.com/boodah-consulting/cukes-vhs/internal/cli/cli.go:29.13,30.40 1 1
github.com/boodah-consulting/cukes-vhs/internal/cli/cli.go:31.25,32.46 1 1
github.com/boodah-consulting/cukes-vhs/internal/cli/cli.go:33.30,35.11 2 1
github.com/boodah-consulting/cukes-vhs/internal/cli/cli.go:36.10,39.11 3 1
github.com/boodah-consulting/cukes-vhs/internal/cli/cli.go:43.69,45.16 2 0
github.com/boodah-consulting/cukes-vhs/internal/cli/cli.go:45.16,47.3 1 0
github.com/boodah-consulting/cukes-vhs/internal/cli/cli.go:49.2,49.43 1 0
github.com/boodah-consulting/cukes-vhs/internal/cli/cli.go:49.43,52.3 2 0
github.com/boodah-consulting/cukes-vhs/internal/cli/cli.go:53.2,53.10 1 0
github.com/boodah-consulting/cukes-vhs/internal/cli/cli.go:56.34,72.2 15 1
github.com/boodah-consulting/cukes-vhs/internal/cli/cli.go:74.36,79.2 4 1
github.com/boodah-consulting/cukes-vhs/internal/cli/cli.go:81.36,89.2 7 1
github.com/boodah-consulting/cukes-vhs/internal/cli/cli.go:91.40,103.2 11 1
github.com/boodah-consulting/cukes-vhs/internal/cli/cli.go:105.35,117.2 11 1
github.com/boodah-consulting/cukes-vhs/internal/cli/cli.go:119.46,125.2 5 1
github.com/boodah-consulting/cukes-vhs/internal/cli/cli.go:127.35,142.2 14 1
github.com/boodah-consulting/cukes-vhs/internal/cli/generate.go:13.70,15.16 2 1
github.com/boodah-consulting/cukes-vhs/internal/cli/generate.go:15.16,17.3 1 1
github.com/boodah-consulting/cukes-vhs/internal/cli/generate.go:19.2,22.16 3 1
github.com/boodah-consulting/cukes-vhs/internal/cli/generate.go:22.16,24.3 1 1
github.com/boodah-consulting/cukes-vhs/internal/cli/generate.go:26.2,40.21 6 1
github.com/boodah-consulting/cukes-vhs/internal/cli/generate.go:40.21,47.23 5 1
github.com/boodah-consulting/cukes-vhs/internal/cli/generate.go:47.23,49.4 1 0
github.com/boodah-consulting/cukes-vhs/internal/cli/generate.go:52.2,55.10 2 1
github.com/boodah-consulting/cukes-vhs/internal/cli/generate.go:70.84,84.54 3 1
github.com/boodah-consulting/cukes-vhs/internal/cli/generate.go:84.54,87.3 2 1
github.com/boodah-consulting/cukes-vhs/internal/cli/generate.go:89.2,89.27 1 1
github.com/boodah-consulting/cukes-vhs/internal/cli/generate.go:89.27,92.3 2 1
github.com/boodah-consulting/cukes-vhs/internal/cli/generate.go:94.2,94.83 1 1
github.com/boodah-consulting/cukes-vhs/internal/cli/generate.go:94.83,97.3 2 1
github.com/boodah-consulting/cukes-vhs/internal/cli/generate.go:99.2,99.18 1 1
github.com/boodah-consulting/cukes-vhs/internal/cli/generate.go:118.85,121.26 2 1
github.com/boodah-consulting/cukes-vhs/internal/cli/generate.go:121.26,126.27 4 1
github.com/boodah-consulting/cukes-vhs/internal/cli/generate.go:126.27,127.19 1 1
github.com/boodah-consulting/cukes-vhs/internal/cli/generate.go:127.19,129.5 1 1
github.com/boodah-consulting/cukes-vhs/internal/cli/generate.go:130.4,131.12 2 1
github.com/boodah-consulting/cukes-vhs/internal/cli/generate.go:134.3,135.21 2 1
github.com/boodah-consulting/cukes-vhs/internal/cli/generate.go:135.21,137.12 2 1
github.com/boodah-consulting/cukes-vhs/internal/cli/generate.go:140.3,142.26 2 1
github.com/boodah-consulting/cukes-vhs/internal/cli/generate.go:143.30,144.24 1 1
github.com/boodah-consulting/cukes-vhs/internal/cli/generate.go:145.29,146.23 1 1
github.com/boodah-consulting/cukes-vhs/internal/cli/generate.go:150.2,151.14 2 1
github.com/boodah-consulting/cukes-vhs/internal/cli/helpers.go:18.105,19.48 1 1
github.com/boodah-consulting/cukes-vhs/internal/cli/helpers.go:19.48,22.3 2 1
github.com/boodah-consulting/cukes-vhs/internal/cli/helpers.go:24.2,25.16 2 1
github.com/boodah-consulting/cukes-vhs/internal/cli/helpers.go:25.16,28.3 2 1
github.com/boodah-consulting/cukes-vhs/internal/cli/helpers.go:30.2,31.16 2 1
github.com/boodah-consulting/cukes-vhs/internal/cli/helpers.go:31.16,34.3 2 1
github.com/boodah-consulting/cukes-vhs/internal/cli/helpers.go:36.2,39.26 4 1
github.com/boodah-consulting/cukes-vhs/internal/cli/helpers.go:48.24,52.25 3 1
github.com/boodah-consulting/cukes-vhs/internal/cli/helpers.go:52.25,55.3 2 1
github.com/boodah-consulting/cukes-vhs/internal/cli/helpers.go:57.2,57.27 1 1
github.com/boodah-consulting/cukes-vhs/internal/cli/helpers.go:57.27,60.10 3 1
github.com/boodah-consulting/cukes-vhs/internal/cli/helpers.go:60.10,61.12 1 1
github.com/boodah-consulting/cukes-vhs/internal/cli/helpers.go:64.3,64.11 1 1
github.com/boodah-consulting/cukes-vhs/internal/cli/helpers.go:64.11,65.75 1 1
github.com/boodah-consulting/cukes-vhs/internal/cli/helpers.go:65.75,66.13 1 1
github.com/boodah-consulting/cukes-vhs/internal/cli/helpers.go:68.4,68.74 1 1
github.com/boodah-consulting/cukes-vhs/internal/cli/helpers.go:68.74,69.13 1 1
github.com/boodah-consulting/cukes-vhs/internal/cli/helpers.go:73.3,73.70 1 1
github.com/boodah-consulting/cukes-vhs/internal/cli/helpers.go:76.2,76.12 1 1
github.com/boodah-consulting/cukes-vhs/internal/cli/helpers.go:82.104,87.25 4 1
github.com/boodah-consulting/cukes-vhs/internal/cli/helpers.go:88.28,89.63 1 1
github.com/boodah-consulting/cukes-vhs/internal/cli/helpers.go:90.10,91.50 1 1
github.com/boodah-consulting/cukes-vhs/internal/cli/helpers.go:94.2,100.16 3 1
github.com/boodah-consulting/cukes-vhs/internal/cli/helpers.go:100.16,102.3 1 1
github.com/boodah-consulting/cukes-vhs/internal/cli/helpers.go:104.2,104.52 1 1
github.com/boodah-consulting/cukes-vhs/internal/cli/helpers.go:104.52,106.3 1 1
github.com/boodah-consulting/cukes-vhs/internal/cli/helpers.go:108.2,109.70 2 1
github.com/boodah-consulting/cukes-vhs/internal/cli/helpers.go:109.70,111.3 1 1
github.com/boodah-consulting/cukes-vhs/internal/cli/helpers.go:113.2,113.21 1 1
github.com/boodah-consulting/cukes-vhs/internal/cli/helpers.go:121.60,122.48 1 1
github.com/boodah-consulting/cukes-vhs/internal/cli/helpers.go:122.48,124.3 1 1
github.com/boodah-consulting/cukes-vhs/internal/cli/helpers.go:126.2,128.85 2 1
github.com/boodah-consulting/cukes-vhs/internal/cli/helpers.go:128.85,129.21 1 1
github.com/boodah-consulting/cukes-vhs/internal/cli/helpers.go:129.21,131.4 1 0
github.com/boodah-consulting/cukes-vhs/internal/cli/helpers.go:133.3,133.54 1 1
github.com/boodah-consulting/cukes-vhs/internal/cli/helpers.go:133.54,135.4 1 1
github.com/boodah-consulting/cukes-vhs/internal/cli/helpers.go:137.3,137.13 1 1
github.com/boodah-consulting/cukes-vhs/internal/cli/helpers.go:139.2,139.16 1 1
github.com/boodah-consulting/cukes-vhs/internal/cli/helpers.go:139.16,141.3 1 0
github.com/boodah-consulting/cukes-vhs/internal/cli/helpers.go:143.2,143.18 1 1
github.com/boodah-consulting/cukes-vhs/internal/cli/helpers.go:143.18,145.3 1 1
github.com/boodah-consulting/cukes-vhs/internal/cli/helpers.go:147.2,147.19 1 1
github.com/boodah-consulting/cukes-vhs/internal/cli/helpers.go:155.61,158.62 2 1
github.com/boodah-consulting/cukes-vhs/internal/cli/helpers.go:158.62,160.3 1 1
github.com/boodah-consulting/cukes-vhs/internal/cli/helpers.go:162.2,165.28 3 1
github.com/boodah-consulting/cukes-vhs/internal/cli/helpers.go:173.45,175.2 1 1
github.com/boodah-consulting/cukes-vhs/internal/cli/helpers.go:177.44,178.22 1 1
github.com/boodah-consulting/cukes-vhs/internal/cli/helpers.go:178.22,180.3 1 1
github.com/boodah-consulting/cukes-vhs/internal/cli/helpers.go:181.2,181.17 1 1
github.com/boodah-consulting/cukes-vhs/internal/cli/helpers.go:181.17,183.3 1 1
github.com/boodah-consulting/cukes-vhs/internal/cli/helpers.go:184.2,184.29 1 1
github.com/boodah-consulting/cukes-vhs/internal/cli/helpers.go:190.44,193.33 3 1
github.com/boodah-consulting/cukes-vhs/internal/cli/helpers.go:193.33,194.19 1 1
github.com/boodah-consulting/cukes-vhs/internal/cli/helpers.go:194.19,196.4 1 1
github.com/boodah-consulting/cukes-vhs/internal/cli/helpers.go:198.2,198.19 1 1
github.com/boodah-consulting/cukes-vhs/internal/cli/init.go:14.54,16.58 1 1
github.com/boodah-consulting/cukes-vhs/internal/cli/init.go:16.58,18.3 1 1
github.com/boodah-consulting/cukes-vhs/internal/cli/init.go:20.2,23.17 2 1
github.com/boodah-consulting/cukes-vhs/internal/cli/init.go:23.17,24.48 1 1
github.com/boodah-consulting/cukes-vhs/internal/cli/init.go:24.48,26.4 1 1
github.com/boodah-consulting/cukes-vhs/internal/cli/init.go:30.2,31.72 2 1
github.com/boodah-consulting/cukes-vhs/internal/cli/init.go:31.72,33.3 1 0
github.com/boodah-consulting/cukes-vhs/internal/cli/init.go:35.2,39.12 4 1
github.com/boodah-consulting/cukes-vhs/internal/cli/init.go:49.76,57.39 6 1
github.com/boodah-consulting/cukes-vhs/internal/cli/init.go:57.39,59.3 1 1
github.com/boodah-consulting/cukes-vhs/internal/cli/init.go:61.2,61.18 1 1
github.com/boodah-consulting/cukes-vhs/internal/cli/list.go:15.66,23.39 7 1
github.com/boodah-consulting/cukes-vhs/internal/cli/list.go:23.39,26.3 2 1
github.com/boodah-consulting/cukes-vhs/internal/cli/list.go:28.2,28.16 1 1
github.com/boodah-consulting/cukes-vhs/internal/cli/list.go:28.16,30.3 1 1
github.com/boodah-consulting/cukes-vhs/internal/cli/list.go:32.2,34.49 2 1
github.com/boodah-consulting/cukes-vhs/internal/cli/list.go:34.49,37.3 2 1
github.com/boodah-consulting/cukes-vhs/internal/cli/list.go:39.2,40.16 2 1
github.com/boodah-consulting/cukes-vhs/internal/cli/list.go:40.16,43.3 2 1
github.com/boodah-consulting/cukes-vhs/internal/cli/list.go:45.2,46.16 2 1
github.com/boodah-consulting/cukes-vhs/internal/cli/list.go:46.16,49.3 2 0
github.com/boodah-consulting/cukes-vhs/internal/cli/list.go:51.2,56.16 5 1
github.com/boodah-consulting/cukes-vhs/internal/cli/list.go:56.16,58.3 1 1
github.com/boodah-consulting/cukes-vhs/internal/cli/list.go:60.2,60.13 1 1
github.com/boodah-consulting/cukes-vhs/internal/cli/list.go:60.13,62.3 1 1
github.com/boodah-consulting/cukes-vhs/internal/cli/list.go:64.2,64.35 1 1
github.com/boodah-consulting/cukes-vhs/internal/cli/list.go:68.51,71.12 2 1
github.com/boodah-consulting/cukes-vhs/internal/cli/list.go:71.12,81.30 3 1
github.com/boodah-consulting/cukes-vhs/internal/cli/list.go:81.30,89.4 1 1
github.com/boodah-consulting/cukes-vhs/internal/cli/list.go:91.3,93.44 3 1
github.com/boodah-consulting/cukes-vhs/internal/cli/list.go:93.44,95.4 1 0
github.com/boodah-consulting/cukes-vhs/internal/cli/list.go:96.3,96.11 1 1
github.com/boodah-consulting/cukes-vhs/internal/cli/list.go:99.2,114.29 8 1
github.com/boodah-consulting/cukes-vhs/internal/cli/list.go:114.29,121.3 1 1
github.com/boodah-consulting/cukes-vhs/internal/cli/list.go:123.2,123.10 1 1
github.com/boodah-consulting/cukes-vhs/internal/cli/list.go:127.71,135.25 2 1
github.com/boodah-consulting/cukes-vhs/internal/cli/list.go:135.25,137.19 2 1
github.com/boodah-consulting/cukes-vhs/internal/cli/list.go:138.30,140.22 2 1
github.com/boodah-consulting/cukes-vhs/internal/cli/list.go:140.22,142.5 1 1
github.com/boodah-consulting/cukes-vhs/internal/cli/list.go:143.29,145.22 2 1
github.com/boodah-consulting/cukes-vhs/internal/cli/list.go:145.22,147.5 1 1
github.com/boodah-consulting/cukes-vhs/internal/cli/list.go:151.2,156.10 2 1
github.com/boodah-consulting/cukes-vhs/internal/cli/list.go:160.88,170.25 3 1
github.com/boodah-consulting/cukes-vhs/internal/cli/list.go:170.25,173.56 3 1
github.com/boodah-consulting/cukes-vhs/internal/cli/list.go:173.56,175.44 2 1
github.com/boodah-consulting/cukes-vhs/internal/cli/list.go:175.44,177.5 1 1
github.com/boodah-consulting/cukes-vhs/internal/cli/list.go:178.4,178.40 1 1
github.com/boodah-consulting/cukes-vhs/internal/cli/list.go:181.3,187.5 1 1
github.com/boodah-consulting/cukes-vhs/internal/cli/list.go:190.2,196.44 4 1
github.com/boodah-consulting/cukes-vhs/internal/cli/list.go:196.44,199.3 2 0
github.com/boodah-consulting/cukes-vhs/internal/cli/list.go:201.2,201.10 1 1
github.com/boodah-consulting/cukes-vhs/internal/cli/list.go:205.71,224.25 10 1
github.com/boodah-consulting/cukes-vhs/internal/cli/list.go:224.25,228.22 4 1
github.com/boodah-consulting/cukes-vhs/internal/cli/list.go:228.22,230.38 2 1
github.com/boodah-consulting/cukes-vhs/internal/cli/list.go:230.38,232.45 2 1
github.com/boodah-consulting/cukes-vhs/internal/cli/list.go:232.45,234.6 1 1
github.com/boodah-consulting/cukes-vhs/internal/cli/list.go:235.5,235.41 1 1
github.com/boodah-consulting/cukes-vhs/internal/cli/list.go:239.3,245.4 1 1
github.com/boodah-consulting/cukes-vhs/internal/cli/list.go:248.2,248.10 1 1
github.com/boodah-consulting/cukes-vhs/internal/cli/run.go:31.74,45.54 3 1
github.com/boodah-consulting/cukes-vhs/internal/cli/run.go:45.54,48.3 2 1
github.com/boodah-consulting/cukes-vhs/internal/cli/run.go:50.2,50.27 1 1
github.com/boodah-consulting/cukes-vhs/internal/cli/run.go:50.27,53.3 2 1
github.com/boodah-consulting/cukes-vhs/internal/cli/run.go:55.2,55.78 1 1
github.com/boodah-consulting/cukes-vhs/internal/cli/run.go:55.78,58.3 2 1
github.com/boodah-consulting/cukes-vhs/internal/cli/run.go:60.2,60.18 1 1
github.com/boodah-consulting/cukes-vhs/internal/cli/run.go:68.70,70.16 2 1
github.com/boodah-consulting/cukes-vhs/internal/cli/run.go:70.16,72.3 1 1
github.com/boodah-consulting/cukes-vhs/internal/cli/run.go:74.2,77.16 3 1
github.com/boodah-consulting/cukes-vhs/internal/cli/run.go:77.16,79.3 1 1
github.com/boodah-consulting/cukes-vhs/internal/cli/run.go:81.2,85.36 4 1
github.com/boodah-consulting/cukes-vhs/internal/cli/run.go:85.36,89.3 3 1
github.com/boodah-consulting/cukes-vhs/internal/cli/run.go:91.2,102.91 4 1
github.com/boodah-consulting/cukes-vhs/internal/cli/run.go:110.77,112.26 2 1
github.com/boodah-consulting/cukes-vhs/internal/cli/run.go:112.26,113.38 1 1
github.com/boodah-consulting/cukes-vhs/internal/cli/run.go:113.38,115.4 1 1
github.com/boodah-consulting/cukes-vhs/internal/cli/run.go:118.2,118.12 1 1
github.com/boodah-consulting/cukes-vhs/internal/cli/run.go:126.96,133.22 5 1
github.com/boodah-consulting/cukes-vhs/internal/cli/run.go:133.22,136.3 2 1
github.com/boodah-consulting/cukes-vhs/internal/cli/run.go:138.2,141.21 3 0
github.com/boodah-consulting/cukes-vhs/internal/cli/run.go:141.21,144.3 2 0
github.com/boodah-consulting/cukes-vhs/internal/cli/run.go:146.2,146.54 1 0
github.com/boodah-consulting/cukes-vhs/internal/cli/run.go:154.46,156.2 1 1
github.com/boodah-consulting/cukes-vhs/internal/cli/run.go:163.82,166.25 2 1
github.com/boodah-consulting/cukes-vhs/internal/cli/run.go:166.25,168.19 2 1
github.com/boodah-consulting/cukes-vhs/internal/cli/run.go:169.30,171.10 2 1
github.com/boodah-consulting/cukes-vhs/internal/cli/run.go:172.30,174.10 2 1
github.com/boodah-consulting/cukes-vhs/internal/cli/run.go:175.29,177.14 2 1
github.com/boodah-consulting/cukes-vhs/internal/cli/run.go:181.2,183.14 2 1
github.com/boodah-consulting/cukes-vhs/internal/cli/run.go:183.14,185.3 1 1
github.com/boodah-consulting/cukes-vhs/internal/cli/run.go:187.2,187.10 1 1
github.com/boodah-consulting/cukes-vhs/internal/cli/update_baseline.go:25.106,33.54 3 1
github.com/boodah-consulting/cukes-vhs/internal/cli/update_baseline.go:33.54,36.3 2 1
github.com/boodah-consulting/cukes-vhs/internal/cli/update_baseline.go:38.2,38.27 1 1
github.com/boodah-consulting/cukes-vhs/internal/cli/update_baseline.go:38.27,41.3 2 1
github.com/boodah-consulting/cukes-vhs/internal/cli/update_baseline.go:43.2,43.29 1 1
github.com/boodah-consulting/cukes-vhs/internal/cli/update_baseline.go:51.76,53.16 2 1
github.com/boodah-consulting/cukes-vhs/internal/cli/update_baseline.go:53.16,55.3 1 1
github.com/boodah-consulting/cukes-vhs/internal/cli/update_baseline.go:57.2,57.46 1 1
github.com/boodah-consulting/cukes-vhs/internal/cli/update_baseline.go:57.46,60.3 2 1
github.com/boodah-consulting/cukes-vhs/internal/cli/update_baseline.go:62.2,62.21 1 1
github.com/boodah-consulting/cukes-vhs/internal/cli/update_baseline.go:62.21,64.3 1 1
github.com/boodah-consulting/cukes-vhs/internal/cli/update_baseline.go:66.2,66.88 1 1
github.com/boodah-consulting/cukes-vhs/internal/cli/update_baseline.go:74.81,76.16 2 1
github.com/boodah-consulting/cukes-vhs/internal/cli/update_baseline.go:76.16,79.3 2 0
github.com/boodah-consulting/cukes-vhs/internal/cli/update_baseline.go:81.2,81.26 1 1
github.com/boodah-consulting/cukes-vhs/internal/cli/update_baseline.go:81.26,85.3 3 1
github.com/boodah-consulting/cukes-vhs/internal/cli/update_baseline.go:87.2,89.39 2 1
github.com/boodah-consulting/cukes-vhs/internal/cli/update_baseline.go:89.39,93.88 3 1
github.com/boodah-consulting/cukes-vhs/internal/cli/update_baseline.go:93.88,96.4 2 1
github.com/boodah-consulting/cukes-vhs/internal/cli/update_baseline.go:98.3,99.12 2 1
github.com/boodah-consulting/cukes-vhs/internal/cli/update_baseline.go:102.2,104.10 2 1
github.com/boodah-consulting/cukes-vhs/internal/cli/update_baseline.go:112.103,115.37 2 1
github.com/boodah-consulting/cukes-vhs/internal/cli/update_baseline.go:115.37,119.88 3 1
github.com/boodah-consulting/cukes-vhs/internal/cli/update_baseline.go:119.88,122.4 2 1
github.com/boodah-consulting/cukes-vhs/internal/cli/update_baseline.go:124.3,125.12 2 1
github.com/boodah-consulting/cukes-vhs/internal/cli/update_baseline.go:128.2,130.10 2 1
