mode: set
github.com/boodah-consulting/cukes-vhs/tools/analyzers/docblocks/analyzer.go:29.52,31.34 2 1
github.com/boodah-consulting/cukes-vhs/tools/analyzers/docblocks/analyzer.go:31.34,32.29 1 1
github.com/boodah-consulting/cukes-vhs/tools/analyzers/docblocks/analyzer.go:32.29,33.12 1 1
github.com/boodah-consulting/cukes-vhs/tools/analyzers/docblocks/analyzer.go:35.3,35.30 1 1
github.com/boodah-consulting/cukes-vhs/tools/analyzers/docblocks/analyzer.go:35.30,37.4 1 1
github.com/boodah-consulting/cukes-vhs/tools/analyzers/docblocks/analyzer.go:38.3,38.35 1 1
github.com/boodah-consulting/cukes-vhs/tools/analyzers/docblocks/analyzer.go:38.35,39.28 1 1
github.com/boodah-consulting/cukes-vhs/tools/analyzers/docblocks/analyzer.go:40.23,41.27 1 1
github.com/boodah-consulting/cukes-vhs/tools/analyzers/docblocks/analyzer.go:42.22,43.26 1 1
github.com/boodah-consulting/cukes-vhs/tools/analyzers/docblocks/analyzer.go:47.2,48.17 2 1
github.com/boodah-consulting/cukes-vhs/tools/analyzers/docblocks/analyzer.go:51.59,52.27 1 1
github.com/boodah-consulting/cukes-vhs/tools/analyzers/docblocks/analyzer.go:52.27,54.3 1 1
github.com/boodah-consulting/cukes-vhs/tools/analyzers/docblocks/analyzer.go:56.2,56.38 1 1
github.com/boodah-consulting/cukes-vhs/tools/analyzers/docblocks/analyzer.go:56.38,58.3 1 0
github.com/boodah-consulting/cukes-vhs/tools/analyzers/docblocks/analyzer.go:60.2,62.19 2 1
github.com/boodah-consulting/cukes-vhs/tools/analyzers/docblocks/analyzer.go:62.19,65.3 2 1
github.com/boodah-consulting/cukes-vhs/tools/analyzers/docblocks/analyzer.go:67.2,72.67 5 1
github.com/boodah-consulting/cukes-vhs/tools/analyzers/docblocks/analyzer.go:75.59,76.18 1 1
github.com/boodah-consulting/cukes-vhs/tools/analyzers/docblocks/analyzer.go:77.18,78.28 1 1
github.com/boodah-consulting/cukes-vhs/tools/analyzers/docblocks/analyzer.go:79.30,80.29 1 1
github.com/boodah-consulting/cukes-vhs/tools/analyzers/docblocks/analyzer.go:84.60,85.34 1 1
github.com/boodah-consulting/cukes-vhs/tools/analyzers/docblocks/analyzer.go:85.34,87.35 2 1
github.com/boodah-consulting/cukes-vhs/tools/analyzers/docblocks/analyzer.go:87.35,88.12 1 1
github.com/boodah-consulting/cukes-vhs/tools/analyzers/docblocks/analyzer.go:91.3,92.17 2 1
github.com/boodah-consulting/cukes-vhs/tools/analyzers/docblocks/analyzer.go:92.17,94.12 2 1
github.com/boodah-consulting/cukes-vhs/tools/analyzers/docblocks/analyzer.go:97.3,97.60 1 1
github.com/boodah-consulting/cukes-vhs/tools/analyzers/docblocks/analyzer.go:101.61,105.34 3 1
github.com/boodah-consulting/cukes-vhs/tools/analyzers/docblocks/analyzer.go:105.34,107.10 2 1
github.com/boodah-consulting/cukes-vhs/tools/analyzers/docblocks/analyzer.go:107.10,108.12 1 0
github.com/boodah-consulting/cukes-vhs/tools/analyzers/docblocks/analyzer.go:111.3,111.33 1 1
github.com/boodah-consulting/cukes-vhs/tools/analyzers/docblocks/analyzer.go:111.33,112.26 1 1
github.com/boodah-consulting/cukes-vhs/tools/analyzers/docblocks/analyzer.go:112.26,113.13 1 1
github.com/boodah-consulting/cukes-vhs/tools/analyzers/docblocks/analyzer.go:116.4,117.18 2 1
github.com/boodah-consulting/cukes-vhs/tools/analyzers/docblocks/analyzer.go:117.18,119.13 2 1
github.com/boodah-consulting/cukes-vhs/tools/analyzers/docblocks/analyzer.go:122.4,122.46 1 1
github.com/boodah-consulting/cukes-vhs/tools/analyzers/docblocks/analyzer.go:122.46,124.5 1 1
github.com/boodah-consulting/cukes-vhs/tools/analyzers/docblocks/analyzer.go:129.84,130.36 1 1
github.com/boodah-consulting/cukes-vhs/tools/analyzers/docblocks/analyzer.go:130.36,132.3 1 1
github.com/boodah-consulting/cukes-vhs/tools/analyzers/docblocks/analyzer.go:135.90,136.62 1 1
github.com/boodah-consulting/cukes-vhs/tools/analyzers/docblocks/analyzer.go:136.62,138.3 1 1
github.com/boodah-consulting/cukes-vhs/tools/analyzers/docblocks/analyzer.go:140.2,140.35 1 1
github.com/boodah-consulting/cukes-vhs/tools/analyzers/docblocks/analyzer.go:140.35,142.3 1 1
github.com/boodah-consulting/cukes-vhs/tools/analyzers/docblocks/analyzer.go:145.92,146.24 1 1
github.com/boodah-consulting/cukes-vhs/tools/analyzers/docblocks/analyzer.go:146.24,148.3 1 1
github.com/boodah-consulting/cukes-vhs/tools/analyzers/docblocks/analyzer.go:150.2,150.36 1 1
github.com/boodah-consulting/cukes-vhs/tools/analyzers/docblocks/analyzer.go:150.36,152.3 1 1
github.com/boodah-consulting/cukes-vhs/tools/analyzers/docblocks/analyzer.go:155.105,156.40 1 1
github.com/boodah-consulting/cukes-vhs/tools/analyzers/docblocks/analyzer.go:156.40,158.3 1 1
github.com/boodah-consulting/cukes-vhs/tools/analyzers/docblocks/analyzer.go:161.51,162.49 1 1
github.com/boodah-consulting/cukes-vhs/tools/analyzers/docblocks/analyzer.go:162.49,164.64 2 1
github.com/boodah-consulting/cukes-vhs/tools/analyzers/docblocks/analyzer.go:164.64,166.4 1 1
github.com/boodah-consulting/cukes-vhs/tools/analyzers/docblocks/analyzer.go:168.2,168.14 1 1
github.com/boodah-consulting/cukes-vhs/tools/analyzers/docblocks/analyzer.go:171.43,173.2 1 1
github.com/boodah-consulting/cukes-vhs/tools/analyzers/docblocks/analyzer.go:175.40,176.45 1 1
github.com/boodah-consulting/cukes-vhs/tools/analyzers/docblocks/analyzer.go:176.45,178.3 1 1
github.com/boodah-consulting/cukes-vhs/tools/analyzers/docblocks/analyzer.go:179.2,179.19 1 1
github.com/boodah-consulting/cukes-vhs/tools/analyzers/docblocks/analyzer.go:182.40,183.13 1 1
github.com/boodah-consulting/cukes-vhs/tools/analyzers/docblocks/analyzer.go:184.19,185.17 1 1
github.com/boodah-consulting/cukes-vhs/tools/analyzers/docblocks/analyzer.go:186.17,187.15 1 1
github.com/boodah-consulting/cukes-vhs/tools/analyzers/docblocks/analyzer.go:188.10,189.17 1 0
github.com/boodah-consulting/cukes-vhs/tools/analyzers/docblocks/analyzer.go:193.43,195.2 1 1
github.com/boodah-consulting/cukes-vhs/tools/analyzers/docblocks/analyzer.go:197.59,200.2 2 1
github.com/boodah-consulting/cukes-vhs/tools/analyzers/docblocks/analyzer.go:202.60,205.2 2 1
github.com/boodah-consulting/cukes-vhs/tools/analyzers/docblocks/analyzer.go:207.58,209.62 2 1
github.com/boodah-consulting/cukes-vhs/tools/analyzers/docblocks/analyzer.go:209.62,211.3 1 1
github.com/boodah-consulting/cukes-vhs/tools/analyzers/docblocks/analyzer.go:212.2,212.15 1 1
github.com/boodah-consulting/cukes-vhs/tools/analyzers/docblocks/analyzer.go:212.15,214.3 1 0
github.com/boodah-consulting/cukes-vhs/tools/analyzers/docblocks/analyzer.go:217.86,218.20 1 1
github.com/boodah-consulting/cukes-vhs/tools/analyzers/docblocks/analyzer.go:218.20,220.3 1 0
github.com/boodah-consulting/cukes-vhs/tools/analyzers/docblocks/analyzer.go:221.2,221.16 1 1
github.com/boodah-consulting/cukes-vhs/tools/analyzers/docblocks/analyzer.go:224.108,225.13 1 1
github.com/boodah-consulting/cukes-vhs/tools/analyzers/docblocks/analyzer.go:225.13,226.21 1 1
github.com/boodah-consulting/cukes-vhs/tools/analyzers/docblocks/analyzer.go:226.21,228.4 1 1
github.com/boodah-consulting/cukes-vhs/tools/analyzers/docblocks/analyzer.go:229.3,229.21 1 1
github.com/boodah-consulting/cukes-vhs/tools/analyzers/docblocks/analyzer.go:229.21,231.4 1 1
github.com/boodah-consulting/cukes-vhs/tools/analyzers/docblocks/analyzer.go:232.3,232.13 1 1
github.com/boodah-consulting/cukes-vhs/tools/analyzers/docblocks/analyzer.go:234.2,234.16 1 1
github.com/boodah-consulting/cukes-vhs/tools/analyzers/docblocks/analyzer.go:237.90,239.2 1 1
